c:\users\7000gaming\desktop\gp3_coursework\gp_cw\debug\vc141.pdb
c:\users\7000gaming\desktop\gp3_coursework\gp_cw\debug\vc141.idb
c:\users\7000gaming\desktop\gp3_coursework\gp_cw\debug\texture.sbr
c:\users\7000gaming\desktop\gp3_coursework\gp_cw\debug\shader.sbr
c:\users\7000gaming\desktop\gp3_coursework\gp_cw\debug\obj_loader.sbr
c:\users\7000gaming\desktop\gp3_coursework\gp_cw\debug\mesh.sbr
c:\users\7000gaming\desktop\gp3_coursework\gp_cw\debug\main.sbr
c:\users\7000gaming\desktop\gp3_coursework\gp_cw\debug\window.sbr
c:\users\7000gaming\desktop\gp3_coursework\gp_cw\debug\transform.sbr
c:\users\7000gaming\desktop\gp3_coursework\gp_cw\debug\surfscene.sbr
c:\users\7000gaming\desktop\gp3_coursework\gp_cw\debug\surfgame.sbr
c:\users\7000gaming\desktop\gp3_coursework\gp_cw\debug\mp3.sbr
c:\users\7000gaming\desktop\gp3_coursework\gp_cw\debug\hitsoundmanager.sbr
c:\users\7000gaming\desktop\gp3_coursework\gp_cw\debug\hitsoundmanager.obj
c:\users\7000gaming\desktop\gp3_coursework\gp_cw\debug\mp3.obj
c:\users\7000gaming\desktop\gp3_coursework\gp_cw\debug\surfgame.obj
c:\users\7000gaming\desktop\gp3_coursework\gp_cw\debug\surfscene.obj
c:\users\7000gaming\desktop\gp3_coursework\gp_cw\debug\transform.obj
c:\users\7000gaming\desktop\gp3_coursework\gp_cw\debug\window.obj
c:\users\7000gaming\desktop\gp3_coursework\gp_cw\debug\main.obj
c:\users\7000gaming\desktop\gp3_coursework\gp_cw\debug\mesh.obj
c:\users\7000gaming\desktop\gp3_coursework\gp_cw\debug\obj_loader.obj
c:\users\7000gaming\desktop\gp3_coursework\gp_cw\debug\shader.obj
c:\users\7000gaming\desktop\gp3_coursework\gp_cw\debug\texture.obj
c:\users\7000gaming\desktop\gp3_coursework\gp_cw\debug\stb_image.sbr
c:\users\7000gaming\desktop\gp3_coursework\gp_cw\debug\stb_image.obj
c:\users\7000gaming\desktop\lab9\debug\gp_cw.exe
c:\users\7000gaming\desktop\lab9\debug\gp_cw.ilk
c:\users\7000gaming\desktop\lab9\debug\gp_cw.pdb
c:\users\7000gaming\desktop\gp3_coursework\debug\gp_cw.exe
c:\users\7000gaming\desktop\gp3_coursework\debug\gp_cw.ilk
c:\users\7000gaming\desktop\gp3_coursework\debug\gp_cw.pdb
c:\users\7000gaming\desktop\gp3_coursework\gp_cw\debug\main.obj.enc
c:\users\7000gaming\desktop\gp3_coursework\gp_cw\debug\surfgame.obj.enc
c:\users\7000gaming\desktop\gp3_coursework\gp_cw\debug\surfscene.obj.enc
c:\users\7000gaming\desktop\gp3_coursework\debug\gp_cw.bsc
c:\users\7000gaming\desktop\gp3_coursework\gp_cw\debug\gp_cw.tlog\bscmake.command.1.tlog
c:\users\7000gaming\desktop\gp3_coursework\gp_cw\debug\gp_cw.tlog\bscmake.read.1.tlog
c:\users\7000gaming\desktop\gp3_coursework\gp_cw\debug\gp_cw.tlog\cl.command.1.tlog
c:\users\7000gaming\desktop\gp3_coursework\gp_cw\debug\gp_cw.tlog\cl.read.1.tlog
c:\users\7000gaming\desktop\gp3_coursework\gp_cw\debug\gp_cw.tlog\cl.write.1.tlog
c:\users\7000gaming\desktop\gp3_coursework\gp_cw\debug\gp_cw.tlog\link.command.1.tlog
c:\users\7000gaming\desktop\gp3_coursework\gp_cw\debug\gp_cw.tlog\link.read.1.tlog
c:\users\7000gaming\desktop\gp3_coursework\gp_cw\debug\gp_cw.tlog\link.write.1.tlog
